<?xml version="1.0" encoding="UTF-8"?>
<testng-results skipped="0" failed="1" ignored="0" total="6" passed="5">
  <reporter-output>
    <line>
      <![CDATA[Click on Log in Button on Header Page]]>
    </line>
    <line>
      <![CDATA[Entering in UserName TextBox]]>
    </line>
    <line>
      <![CDATA[Entering in UserPassword TextBox]]>
    </line>
    <line>
      <![CDATA[Clicking on Login Button on Login Form]]>
    </line>
    <line>
      <![CDATA[Checking If Dashboard Tab present ]]>
    </line>
    <line>
      <![CDATA[Click on Log in Button on Header Page]]>
    </line>
    <line>
      <![CDATA[Login Failed]]>
    </line>
    <line>
      <![CDATA[Clicking On Profile Tab]]>
    </line>
    <line>
      <![CDATA[Returning Header Text]]>
    </line>
    <line>
      <![CDATA[Returning Current User's Gender Type]]>
    </line>
    <line>
      <![CDATA[Returning First Name Field Text]]>
    </line>
    <line>
      <![CDATA[Returning Last Name Field Text]]>
    </line>
    <line>
      <![CDATA[Returning Email Field Text]]>
    </line>
    <line>
      <![CDATA[Returning Mobile Number Field Text]]>
    </line>
    <line>
      <![CDATA[Click on Log in Button on Header Page]]>
    </line>
    <line>
      <![CDATA[Entering in UserName TextBox]]>
    </line>
    <line>
      <![CDATA[Entering in UserPassword TextBox]]>
    </line>
    <line>
      <![CDATA[Clicking on Login Button on Login Form]]>
    </line>
    <line>
      <![CDATA[Checking If Dashboard Tab present ]]>
    </line>
    <line>
      <![CDATA[Clicking On Profile Tab]]>
    </line>
    <line>
      <![CDATA[Returning Current User's Gender Type]]>
    </line>
    <line>
      <![CDATA[Returning Current User's First Name ]]>
    </line>
    <line>
      <![CDATA[Returning Current User's Last Name ]]>
    </line>
    <line>
      <![CDATA[Returning Current User's Email]]>
    </line>
    <line>
      <![CDATA[Returning Current User's Mobile No. ]]>
    </line>
    <line>
      <![CDATA[Click on Log in Button on Header Page]]>
    </line>
    <line>
      <![CDATA[Entering in UserName TextBox]]>
    </line>
    <line>
      <![CDATA[Entering in UserPassword TextBox]]>
    </line>
    <line>
      <![CDATA[Clicking on Login Button on Login Form]]>
    </line>
    <line>
      <![CDATA[Checking If Dashboard Tab present ]]>
    </line>
    <line>
      <![CDATA[Clicking On Profile Tab]]>
    </line>
    <line>
      <![CDATA[Returning Current User's Gender Type]]>
    </line>
    <line>
      <![CDATA[Returning Current User's First Name ]]>
    </line>
    <line>
      <![CDATA[Returning Current User's Last Name ]]>
    </line>
    <line>
      <![CDATA[Returning Current User's Email]]>
    </line>
    <line>
      <![CDATA[Returning Current User's Mobile No. ]]>
    </line>
    <line>
      <![CDATA[Click on Log in Button on Header Page]]>
    </line>
    <line>
      <![CDATA[checking if Connect With FaceBook is present on Login Form]]>
    </line>
    <line>
      <![CDATA[Clicking on Connect With FaceBook on Login Form]]>
    </line>
    <line>
      <![CDATA[Waiting Until FB Window loaded]]>
    </line>
    <line>
      <![CDATA[Entering in FB UserName TextBox]]>
    </line>
    <line>
      <![CDATA[Entering in FB UserPwd TextBox]]>
    </line>
    <line>
      <![CDATA[Clicking on Login button on FB Login Window]]>
    </line>
    <line>
      <![CDATA[Checking If Dashboard Tab present ]]>
    </line>
    <line>
      <![CDATA[Click on Log in Button on Header Page]]>
    </line>
    <line>
      <![CDATA[Entering in UserName TextBox]]>
    </line>
    <line>
      <![CDATA[Entering in UserPassword TextBox]]>
    </line>
    <line>
      <![CDATA[Clicking on Login Button on Login Form]]>
    </line>
    <line>
      <![CDATA[Checking If Dashboard Tab present ]]>
    </line>
    <line>
      <![CDATA[Click on Log in Button on Header Page]]>
    </line>
    <line>
      <![CDATA[checking if Connect With FaceBook is present on Login Form]]>
    </line>
    <line>
      <![CDATA[Clicking on Connect With FaceBook on Login Form]]>
    </line>
    <line>
      <![CDATA[Waiting Until FB Window loaded]]>
    </line>
    <line>
      <![CDATA[Entering in FB UserName TextBox]]>
    </line>
    <line>
      <![CDATA[Entering in FB UserPwd TextBox]]>
    </line>
    <line>
      <![CDATA[Clicking on Login button on FB Login Window]]>
    </line>
    <line>
      <![CDATA[Checking Log in Failed Message]]>
    </line>
  </reporter-output>
  <suite name="My Regression Automation suite" duration-ms="143021" started-at="2018-01-14T17:16:46Z" finished-at="2018-01-14T17:19:09Z">
    <groups>
    </groups>
    <test name="login feature and Verify details of Signed in User" duration-ms="143021" started-at="2018-01-14T17:16:46Z" finished-at="2018-01-14T17:19:09Z">
      <class name="blablacarB13.tests.profile.personalInfo.VerifyDifferentUserCreation">
        <test-method status="PASS" signature="LuanchBrowser()[pri:0, instance:blablacarB13.tests.profile.personalInfo.VerifyDifferentUserCreation@464bee09]" name="LuanchBrowser" is-config="true" duration-ms="14566" started-at="2018-01-14T22:47:21Z" finished-at="2018-01-14T22:47:36Z">
          <reporter-output>
          </reporter-output>
        </test-method> <!-- LuanchBrowser -->
        <test-method status="PASS" signature="testUserDetailsOnForm(java.lang.String, java.lang.String, java.lang.String, java.lang.String, java.lang.String, java.lang.String, java.lang.String)[pri:0, instance:blablacarB13.tests.profile.personalInfo.VerifyDifferentUserCreation@464bee09]" name="testUserDetailsOnForm" duration-ms="6404" started-at="2018-01-14T22:47:36Z" data-provider="userDetails" finished-at="2018-01-14T22:47:42Z">
          <params>
            <param index="0">
              <value>
                <![CDATA[avdhut.kotkar@yahoo.com]]>
              </value>
            </param>
            <param index="1">
              <value>
                <![CDATA[selenium@1793]]>
              </value>
            </param>
            <param index="2">
              <value>
                <![CDATA[Male]]>
              </value>
            </param>
            <param index="3">
              <value>
                <![CDATA[Avdhut]]>
              </value>
            </param>
            <param index="4">
              <value>
                <![CDATA[Kotkar]]>
              </value>
            </param>
            <param index="5">
              <value>
                <![CDATA[avdhut.kotkar@yahoo.com]]>
              </value>
            </param>
            <param index="6">
              <value>
                <![CDATA[8412950036]]>
              </value>
            </param>
          </params>
          <reporter-output>
            <line>
              <![CDATA[Click on Log in Button on Header Page]]>
            </line>
            <line>
              <![CDATA[Entering in UserName TextBox]]>
            </line>
            <line>
              <![CDATA[Entering in UserPassword TextBox]]>
            </line>
            <line>
              <![CDATA[Clicking on Login Button on Login Form]]>
            </line>
            <line>
              <![CDATA[Checking If Dashboard Tab present ]]>
            </line>
            <line>
              <![CDATA[Clicking On Profile Tab]]>
            </line>
            <line>
              <![CDATA[Returning Current User's Gender Type]]>
            </line>
            <line>
              <![CDATA[Returning Current User's First Name ]]>
            </line>
            <line>
              <![CDATA[Returning Current User's Last Name ]]>
            </line>
            <line>
              <![CDATA[Returning Current User's Email]]>
            </line>
            <line>
              <![CDATA[Returning Current User's Mobile No. ]]>
            </line>
          </reporter-output>
        </test-method> <!-- testUserDetailsOnForm -->
        <test-method status="PASS" signature="CloseBrowser()[pri:0, instance:blablacarB13.tests.profile.personalInfo.VerifyDifferentUserCreation@464bee09]" name="CloseBrowser" is-config="true" duration-ms="727" started-at="2018-01-14T22:47:42Z" finished-at="2018-01-14T22:47:43Z">
          <reporter-output>
          </reporter-output>
        </test-method> <!-- CloseBrowser -->
        <test-method status="PASS" signature="LuanchBrowser()[pri:0, instance:blablacarB13.tests.profile.personalInfo.VerifyDifferentUserCreation@464bee09]" name="LuanchBrowser" is-config="true" duration-ms="15307" started-at="2018-01-14T22:47:43Z" finished-at="2018-01-14T22:47:58Z">
          <reporter-output>
          </reporter-output>
        </test-method> <!-- LuanchBrowser -->
        <test-method status="FAIL" signature="testUserDetailsOnForm(java.lang.String, java.lang.String, java.lang.String, java.lang.String, java.lang.String, java.lang.String, java.lang.String)[pri:0, instance:blablacarB13.tests.profile.personalInfo.VerifyDifferentUserCreation@464bee09]" name="testUserDetailsOnForm" duration-ms="5960" started-at="2018-01-14T22:47:58Z" data-provider="userDetails" finished-at="2018-01-14T22:48:04Z">
          <params>
            <param index="0">
              <value>
                <![CDATA[amrutakotkar3@gmail.com]]>
              </value>
            </param>
            <param index="1">
              <value>
                <![CDATA[Amruta@38]]>
              </value>
            </param>
            <param index="2">
              <value>
                <![CDATA[Female]]>
              </value>
            </param>
            <param index="3">
              <value>
                <![CDATA[Amruta]]>
              </value>
            </param>
            <param index="4">
              <value>
                <![CDATA[Kotkar]]>
              </value>
            </param>
            <param index="5">
              <value>
                <![CDATA[amrutakotkar3@gmail.com]]>
              </value>
            </param>
            <param index="6">
              <value>
                <![CDATA[8412950038]]>
              </value>
            </param>
          </params>
          <exception class="java.lang.AssertionError">
            <message>
              <![CDATA[The following asserts failed:Mobile Number is not as expected :  expected [true] but found [false]]]>
            </message>
            <full-stacktrace>
              <![CDATA[java.lang.AssertionError: The following asserts failed:Mobile Number is not as expected :  expected [true] but found [false]at org.testng.asserts.SoftAssert.assertAll(SoftAssert.java:43)at blablacarB13.tests.profile.personalInfo.VerifyDifferentUserCreation.testUserDetailsOnForm(VerifyDifferentUserCreation.java:78)at sun.reflect.NativeMethodAccessorImpl.invoke0(Native Method)at sun.reflect.NativeMethodAccessorImpl.invoke(Unknown Source)at sun.reflect.DelegatingMethodAccessorImpl.invoke(Unknown Source)at java.lang.reflect.Method.invoke(Unknown Source)at org.testng.internal.MethodInvocationHelper.invokeMethod(MethodInvocationHelper.java:124)at org.testng.internal.Invoker.invokeMethod(Invoker.java:571)at org.testng.internal.Invoker.invokeTestMethod(Invoker.java:707)at org.testng.internal.Invoker.invokeTestMethods(Invoker.java:979)at org.testng.internal.TestMethodWorker.invokeTestMethods(TestMethodWorker.java:125)at org.testng.internal.TestMethodWorker.run(TestMethodWorker.java:109)at org.testng.TestRunner.privateRun(TestRunner.java:648)at org.testng.TestRunner.run(TestRunner.java:505)at org.testng.SuiteRunner.runTest(SuiteRunner.java:455)at org.testng.SuiteRunner.runSequentially(SuiteRunner.java:450)at org.testng.SuiteRunner.privateRun(SuiteRunner.java:415)at org.testng.SuiteRunner.run(SuiteRunner.java:364)at org.testng.SuiteRunnerWorker.runSuite(SuiteRunnerWorker.java:52)at org.testng.SuiteRunnerWorker.run(SuiteRunnerWorker.java:84)at org.testng.TestNG.runSuitesSequentially(TestNG.java:1187)at org.testng.TestNG.runSuitesLocally(TestNG.java:1116)at org.testng.TestNG.runSuites(TestNG.java:1028)at org.testng.TestNG.run(TestNG.java:996)at org.testng.TestNG.privateMain(TestNG.java:1330)at org.testng.TestNG.main(TestNG.java:1299)]]>
            </full-stacktrace>
          </exception> <!-- java.lang.AssertionError -->
          <reporter-output>
            <line>
              <![CDATA[Click on Log in Button on Header Page]]>
            </line>
            <line>
              <![CDATA[Entering in UserName TextBox]]>
            </line>
            <line>
              <![CDATA[Entering in UserPassword TextBox]]>
            </line>
            <line>
              <![CDATA[Clicking on Login Button on Login Form]]>
            </line>
            <line>
              <![CDATA[Checking If Dashboard Tab present ]]>
            </line>
            <line>
              <![CDATA[Clicking On Profile Tab]]>
            </line>
            <line>
              <![CDATA[Returning Current User's Gender Type]]>
            </line>
            <line>
              <![CDATA[Returning Current User's First Name ]]>
            </line>
            <line>
              <![CDATA[Returning Current User's Last Name ]]>
            </line>
            <line>
              <![CDATA[Returning Current User's Email]]>
            </line>
            <line>
              <![CDATA[Returning Current User's Mobile No. ]]>
            </line>
          </reporter-output>
        </test-method> <!-- testUserDetailsOnForm -->
        <test-method status="PASS" signature="CloseBrowser()[pri:0, instance:blablacarB13.tests.profile.personalInfo.VerifyDifferentUserCreation@464bee09]" name="CloseBrowser" is-config="true" duration-ms="684" started-at="2018-01-14T22:48:04Z" finished-at="2018-01-14T22:48:05Z">
          <reporter-output>
          </reporter-output>
        </test-method> <!-- CloseBrowser -->
      </class> <!-- blablacarB13.tests.profile.personalInfo.VerifyDifferentUserCreation -->
      <class name="blablacarB13.tests.profile.personalInfo.VerifyPersonalInfoPageDetails">
        <test-method status="PASS" signature="LaunchBrowserLogin()[pri:0, instance:blablacarB13.tests.profile.personalInfo.VerifyPersonalInfoPageDetails@6eebc39e]" name="LaunchBrowserLogin" is-config="true" duration-ms="22133" started-at="2018-01-14T22:46:46Z" finished-at="2018-01-14T22:47:08Z">
          <reporter-output>
            <line>
              <![CDATA[Click on Log in Button on Header Page]]>
            </line>
            <line>
              <![CDATA[Entering in UserName TextBox]]>
            </line>
            <line>
              <![CDATA[Entering in UserPassword TextBox]]>
            </line>
            <line>
              <![CDATA[Clicking on Login Button on Login Form]]>
            </line>
            <line>
              <![CDATA[Checking If Dashboard Tab present ]]>
            </line>
          </reporter-output>
        </test-method> <!-- LaunchBrowserLogin -->
        <test-method status="PASS" signature="testPersonalInfoUI()[pri:0, instance:blablacarB13.tests.profile.personalInfo.VerifyPersonalInfoPageDetails@6eebc39e]" name="testPersonalInfoUI" duration-ms="11593" started-at="2018-01-14T22:47:08Z" finished-at="2018-01-14T22:47:19Z">
          <reporter-output>
            <line>
              <![CDATA[Click on Log in Button on Header Page]]>
            </line>
            <line>
              <![CDATA[Login Failed]]>
            </line>
            <line>
              <![CDATA[Clicking On Profile Tab]]>
            </line>
            <line>
              <![CDATA[Returning Header Text]]>
            </line>
            <line>
              <![CDATA[Returning Current User's Gender Type]]>
            </line>
            <line>
              <![CDATA[Returning First Name Field Text]]>
            </line>
            <line>
              <![CDATA[Returning Last Name Field Text]]>
            </line>
            <line>
              <![CDATA[Returning Email Field Text]]>
            </line>
            <line>
              <![CDATA[Returning Mobile Number Field Text]]>
            </line>
          </reporter-output>
        </test-method> <!-- testPersonalInfoUI -->
        <test-method status="PASS" signature="CloseBrowser()[pri:0, instance:blablacarB13.tests.profile.personalInfo.VerifyPersonalInfoPageDetails@6eebc39e]" name="CloseBrowser" is-config="true" duration-ms="842" started-at="2018-01-14T22:47:19Z" finished-at="2018-01-14T22:47:20Z">
          <reporter-output>
          </reporter-output>
        </test-method> <!-- CloseBrowser -->
      </class> <!-- blablacarB13.tests.profile.personalInfo.VerifyPersonalInfoPageDetails -->
      <class name="blablacarB13.tests.common.LoginFeature">
        <test-method status="PASS" signature="LaunchBrowser()[pri:0, instance:blablacarB13.tests.common.LoginFeature@f6c48ac]" name="LaunchBrowser" is-config="true" duration-ms="16697" started-at="2018-01-14T22:48:05Z" finished-at="2018-01-14T22:48:21Z">
          <reporter-output>
          </reporter-output>
        </test-method> <!-- LaunchBrowser -->
        <test-method status="PASS" signature="logInwithFacebookValidDetails()[pri:1, instance:blablacarB13.tests.common.LoginFeature@f6c48ac]" name="logInwithFacebookValidDetails" duration-ms="6836" started-at="2018-01-14T22:48:21Z" finished-at="2018-01-14T22:48:28Z">
          <reporter-output>
            <line>
              <![CDATA[Click on Log in Button on Header Page]]>
            </line>
            <line>
              <![CDATA[checking if Connect With FaceBook is present on Login Form]]>
            </line>
            <line>
              <![CDATA[Clicking on Connect With FaceBook on Login Form]]>
            </line>
            <line>
              <![CDATA[Waiting Until FB Window loaded]]>
            </line>
            <line>
              <![CDATA[Entering in FB UserName TextBox]]>
            </line>
            <line>
              <![CDATA[Entering in FB UserPwd TextBox]]>
            </line>
            <line>
              <![CDATA[Clicking on Login button on FB Login Window]]>
            </line>
            <line>
              <![CDATA[Checking If Dashboard Tab present ]]>
            </line>
          </reporter-output>
        </test-method> <!-- logInwithFacebookValidDetails -->
        <test-method status="PASS" signature="CloseBrowser()[pri:0, instance:blablacarB13.tests.common.LoginFeature@f6c48ac]" name="CloseBrowser" is-config="true" duration-ms="659" started-at="2018-01-14T22:48:28Z" finished-at="2018-01-14T22:48:29Z">
          <reporter-output>
          </reporter-output>
        </test-method> <!-- CloseBrowser -->
        <test-method status="PASS" signature="LaunchBrowser()[pri:0, instance:blablacarB13.tests.common.LoginFeature@f6c48ac]" name="LaunchBrowser" is-config="true" duration-ms="12354" started-at="2018-01-14T22:48:29Z" finished-at="2018-01-14T22:48:41Z">
          <reporter-output>
          </reporter-output>
        </test-method> <!-- LaunchBrowser -->
        <test-method status="PASS" signature="logInwithUserDetails()[pri:2, instance:blablacarB13.tests.common.LoginFeature@f6c48ac]" name="logInwithUserDetails" duration-ms="4212" started-at="2018-01-14T22:48:41Z" finished-at="2018-01-14T22:48:45Z">
          <reporter-output>
            <line>
              <![CDATA[Click on Log in Button on Header Page]]>
            </line>
            <line>
              <![CDATA[Entering in UserName TextBox]]>
            </line>
            <line>
              <![CDATA[Entering in UserPassword TextBox]]>
            </line>
            <line>
              <![CDATA[Clicking on Login Button on Login Form]]>
            </line>
            <line>
              <![CDATA[Checking If Dashboard Tab present ]]>
            </line>
          </reporter-output>
        </test-method> <!-- logInwithUserDetails -->
        <test-method status="PASS" signature="CloseBrowser()[pri:0, instance:blablacarB13.tests.common.LoginFeature@f6c48ac]" name="CloseBrowser" is-config="true" duration-ms="640" started-at="2018-01-14T22:48:45Z" finished-at="2018-01-14T22:48:46Z">
          <reporter-output>
          </reporter-output>
        </test-method> <!-- CloseBrowser -->
        <test-method status="PASS" signature="LaunchBrowser()[pri:0, instance:blablacarB13.tests.common.LoginFeature@f6c48ac]" name="LaunchBrowser" is-config="true" duration-ms="16243" started-at="2018-01-14T22:48:46Z" finished-at="2018-01-14T22:49:02Z">
          <reporter-output>
          </reporter-output>
        </test-method> <!-- LaunchBrowser -->
        <test-method status="PASS" signature="logInwithFacebookInvalidDetails()[pri:3, instance:blablacarB13.tests.common.LoginFeature@f6c48ac]" name="logInwithFacebookInvalidDetails" duration-ms="5046" started-at="2018-01-14T22:49:02Z" finished-at="2018-01-14T22:49:07Z">
          <reporter-output>
            <line>
              <![CDATA[Click on Log in Button on Header Page]]>
            </line>
            <line>
              <![CDATA[checking if Connect With FaceBook is present on Login Form]]>
            </line>
            <line>
              <![CDATA[Clicking on Connect With FaceBook on Login Form]]>
            </line>
            <line>
              <![CDATA[Waiting Until FB Window loaded]]>
            </line>
            <line>
              <![CDATA[Entering in FB UserName TextBox]]>
            </line>
            <line>
              <![CDATA[Entering in FB UserPwd TextBox]]>
            </line>
            <line>
              <![CDATA[Clicking on Login button on FB Login Window]]>
            </line>
            <line>
              <![CDATA[Checking Log in Failed Message]]>
            </line>
          </reporter-output>
        </test-method> <!-- logInwithFacebookInvalidDetails -->
        <test-method status="PASS" signature="CloseBrowser()[pri:0, instance:blablacarB13.tests.common.LoginFeature@f6c48ac]" name="CloseBrowser" is-config="true" duration-ms="1157" started-at="2018-01-14T22:49:07Z" finished-at="2018-01-14T22:49:09Z">
          <reporter-output>
          </reporter-output>
        </test-method> <!-- CloseBrowser -->
      </class> <!-- blablacarB13.tests.common.LoginFeature -->
    </test> <!-- login feature and Verify details of Signed in User -->
  </suite> <!-- My Regression Automation suite -->
</testng-results>
